<?xml version="1.0" encoding="UTF-8"?>
<!-- Generated by org.testng.reporters.JUnitXMLReporter -->
<testsuite ignored="0" hostname="Desktop-175" failures="0" tests="4" name="Test" time="100.643" errors="0" timestamp="2024-10-31T11:06:35 IST">
  <testcase classname="entrata_Test_Test_Scripts.Entrata_Test" name="test_01_Get_Title" time="0.011"/>
  <testcase classname="entrata_Test_Test_Scripts.Entrata_Test" name="test_02_Schedule_Demo" time="5.588"/>
  <testcase classname="entrata_Test_Test_Scripts.Entrata_Test" name="test_03_Broken_Link" time="48.706"/>
  <testcase classname="entrata_Test_Test_Scripts.Entrata_Test" name="test_04_Careers_page" time="16.854"/>
</testsuite> <!-- Test -->
