<?xml version="1.0" encoding="UTF-8"?>
<testng-results ignored="0" total="4" passed="4" failed="0" skipped="0">
  <reporter-output>
  </reporter-output>
  <suite started-at="2024-10-31T11:04:54 IST" name="Suite" finished-at="2024-10-31T11:06:35 IST" duration-ms="100643">
    <groups>
    </groups>
    <test started-at="2024-10-31T11:04:54 IST" name="Test" finished-at="2024-10-31T11:06:35 IST" duration-ms="100643">
      <class name="entrata_Test_Test_Scripts.Entrata_Test">
        <test-method is-config="true" signature="beforeSuite()[pri:0, instance:entrata_Test_Test_Scripts.Entrata_Test@6fdbe764]" started-at="2024-10-31T11:04:54 IST" name="beforeSuite" finished-at="2024-10-31T11:04:54 IST" duration-ms="136" status="PASS">
          <reporter-output>
          </reporter-output>
        </test-method> <!-- beforeSuite -->
        <test-method is-config="true" signature="beforeEachMethod(java.lang.reflect.Method)[pri:0, instance:entrata_Test_Test_Scripts.Entrata_Test@6fdbe764]" started-at="2024-10-31T11:04:54 IST" name="beforeEachMethod" finished-at="2024-10-31T11:05:02 IST" duration-ms="7742" status="PASS">
          <params>
            <param index="0">
              <value>
                <![CDATA[public void entrata_Test_Test_Scripts.Entrata_Test.test_01_Get_Title()]]>
              </value>
            </param>
          </params>
          <reporter-output>
          </reporter-output>
        </test-method> <!-- beforeEachMethod -->
        <test-method signature="test_01_Get_Title()[pri:0, instance:entrata_Test_Test_Scripts.Entrata_Test@6fdbe764]" started-at="2024-10-31T11:05:02 IST" name="test_01_Get_Title" finished-at="2024-10-31T11:05:02 IST" duration-ms="11" status="PASS">
          <reporter-output>
          </reporter-output>
        </test-method> <!-- test_01_Get_Title -->
        <test-method is-config="true" signature="afterEachMethod(org.testng.ITestResult)[pri:0, instance:entrata_Test_Test_Scripts.Entrata_Test@6fdbe764]" started-at="2024-10-31T11:05:02 IST" name="afterEachMethod" finished-at="2024-10-31T11:05:03 IST" duration-ms="653" status="PASS">
          <params>
            <param index="0">
              <value>
                <![CDATA[[TestResult name=test_01_Get_Title status=SUCCESS method=Entrata_Test.test_01_Get_Title()[pri:0, instance:entrata_Test_Test_Scripts.Entrata_Test@6fdbe764] output={null}]]]>
              </value>
            </param>
          </params>
          <reporter-output>
          </reporter-output>
        </test-method> <!-- afterEachMethod -->
        <test-method is-config="true" signature="beforeEachMethod(java.lang.reflect.Method)[pri:0, instance:entrata_Test_Test_Scripts.Entrata_Test@6fdbe764]" started-at="2024-10-31T11:05:03 IST" name="beforeEachMethod" finished-at="2024-10-31T11:05:08 IST" duration-ms="4697" status="PASS">
          <params>
            <param index="0">
              <value>
                <![CDATA[public void entrata_Test_Test_Scripts.Entrata_Test.test_02_Schedule_Demo() throws java.io.IOException,java.lang.InterruptedException]]>
              </value>
            </param>
          </params>
          <reporter-output>
          </reporter-output>
        </test-method> <!-- beforeEachMethod -->
        <test-method signature="test_02_Schedule_Demo()[pri:2, instance:entrata_Test_Test_Scripts.Entrata_Test@6fdbe764]" started-at="2024-10-31T11:05:08 IST" name="test_02_Schedule_Demo" finished-at="2024-10-31T11:05:13 IST" duration-ms="5588" status="PASS">
          <reporter-output>
          </reporter-output>
        </test-method> <!-- test_02_Schedule_Demo -->
        <test-method is-config="true" signature="afterEachMethod(org.testng.ITestResult)[pri:0, instance:entrata_Test_Test_Scripts.Entrata_Test@6fdbe764]" started-at="2024-10-31T11:05:13 IST" name="afterEachMethod" finished-at="2024-10-31T11:05:14 IST" duration-ms="397" status="PASS">
          <params>
            <param index="0">
              <value>
                <![CDATA[[TestResult name=test_02_Schedule_Demo status=SUCCESS method=Entrata_Test.test_02_Schedule_Demo()[pri:2, instance:entrata_Test_Test_Scripts.Entrata_Test@6fdbe764] output={null}]]]>
              </value>
            </param>
          </params>
          <reporter-output>
          </reporter-output>
        </test-method> <!-- afterEachMethod -->
        <test-method is-config="true" signature="beforeEachMethod(java.lang.reflect.Method)[pri:0, instance:entrata_Test_Test_Scripts.Entrata_Test@6fdbe764]" started-at="2024-10-31T11:05:14 IST" name="beforeEachMethod" finished-at="2024-10-31T11:05:23 IST" duration-ms="9286" status="PASS">
          <params>
            <param index="0">
              <value>
                <![CDATA[public void entrata_Test_Test_Scripts.Entrata_Test.test_03_Broken_Link() throws java.io.IOException,java.lang.InterruptedException]]>
              </value>
            </param>
          </params>
          <reporter-output>
          </reporter-output>
        </test-method> <!-- beforeEachMethod -->
        <test-method signature="test_03_Broken_Link()[pri:3, instance:entrata_Test_Test_Scripts.Entrata_Test@6fdbe764]" started-at="2024-10-31T11:05:23 IST" name="test_03_Broken_Link" finished-at="2024-10-31T11:06:12 IST" duration-ms="48706" status="PASS">
          <reporter-output>
          </reporter-output>
        </test-method> <!-- test_03_Broken_Link -->
        <test-method is-config="true" signature="afterEachMethod(org.testng.ITestResult)[pri:0, instance:entrata_Test_Test_Scripts.Entrata_Test@6fdbe764]" started-at="2024-10-31T11:06:12 IST" name="afterEachMethod" finished-at="2024-10-31T11:06:12 IST" duration-ms="703" status="PASS">
          <params>
            <param index="0">
              <value>
                <![CDATA[[TestResult name=test_03_Broken_Link status=SUCCESS method=Entrata_Test.test_03_Broken_Link()[pri:3, instance:entrata_Test_Test_Scripts.Entrata_Test@6fdbe764] output={null}]]]>
              </value>
            </param>
          </params>
          <reporter-output>
          </reporter-output>
        </test-method> <!-- afterEachMethod -->
        <test-method is-config="true" signature="beforeEachMethod(java.lang.reflect.Method)[pri:0, instance:entrata_Test_Test_Scripts.Entrata_Test@6fdbe764]" started-at="2024-10-31T11:06:12 IST" name="beforeEachMethod" finished-at="2024-10-31T11:06:18 IST" duration-ms="5430" status="PASS">
          <params>
            <param index="0">
              <value>
                <![CDATA[public void entrata_Test_Test_Scripts.Entrata_Test.test_04_Careers_page() throws java.io.IOException,java.lang.InterruptedException]]>
              </value>
            </param>
          </params>
          <reporter-output>
          </reporter-output>
        </test-method> <!-- beforeEachMethod -->
        <test-method signature="test_04_Careers_page()[pri:4, instance:entrata_Test_Test_Scripts.Entrata_Test@6fdbe764]" started-at="2024-10-31T11:06:18 IST" name="test_04_Careers_page" finished-at="2024-10-31T11:06:35 IST" duration-ms="16854" status="PASS">
          <reporter-output>
          </reporter-output>
        </test-method> <!-- test_04_Careers_page -->
        <test-method is-config="true" signature="afterEachMethod(org.testng.ITestResult)[pri:0, instance:entrata_Test_Test_Scripts.Entrata_Test@6fdbe764]" started-at="2024-10-31T11:06:35 IST" name="afterEachMethod" finished-at="2024-10-31T11:06:35 IST" duration-ms="543" status="PASS">
          <params>
            <param index="0">
              <value>
                <![CDATA[[TestResult name=test_04_Careers_page status=SUCCESS method=Entrata_Test.test_04_Careers_page()[pri:4, instance:entrata_Test_Test_Scripts.Entrata_Test@6fdbe764] output={null}]]]>
              </value>
            </param>
          </params>
          <reporter-output>
          </reporter-output>
        </test-method> <!-- afterEachMethod -->
      </class> <!-- entrata_Test_Test_Scripts.Entrata_Test -->
    </test> <!-- Test -->
  </suite> <!-- Suite -->
</testng-results>
