<?xml version="1.0" encoding="UTF-8"?>
<testng-results ignored="0" total="4" passed="4" failed="0" skipped="0">
  <reporter-output>
  </reporter-output>
  <suite started-at="2024-10-30T17:19:48 IST" name="Suite" finished-at="2024-10-30T17:22:06 IST" duration-ms="137978">
    <groups>
    </groups>
    <test started-at="2024-10-30T17:19:48 IST" name="Test" finished-at="2024-10-30T17:22:06 IST" duration-ms="137978">
      <class name="entrata_Test_Test_Scripts.Entrata_Test">
        <test-method is-config="true" signature="beforeSuite()[pri:0, instance:entrata_Test_Test_Scripts.Entrata_Test@4cc451f2]" started-at="2024-10-30T17:19:48 IST" name="beforeSuite" finished-at="2024-10-30T17:19:48 IST" duration-ms="91" status="PASS">
          <reporter-output>
          </reporter-output>
        </test-method> <!-- beforeSuite -->
        <test-method is-config="true" signature="beforeEachMethod(java.lang.reflect.Method)[pri:0, instance:entrata_Test_Test_Scripts.Entrata_Test@4cc451f2]" started-at="2024-10-30T17:19:48 IST" name="beforeEachMethod" finished-at="2024-10-30T17:20:23 IST" duration-ms="35025" status="PASS">
          <params>
            <param index="0">
              <value>
                <![CDATA[public void entrata_Test_Test_Scripts.Entrata_Test.test_01_Get_Title()]]>
              </value>
            </param>
          </params>
          <reporter-output>
          </reporter-output>
        </test-method> <!-- beforeEachMethod -->
        <test-method signature="test_01_Get_Title()[pri:0, instance:entrata_Test_Test_Scripts.Entrata_Test@4cc451f2]" started-at="2024-10-30T17:20:23 IST" name="test_01_Get_Title" finished-at="2024-10-30T17:20:23 IST" duration-ms="34" status="PASS">
          <reporter-output>
          </reporter-output>
        </test-method> <!-- test_01_Get_Title -->
        <test-method is-config="true" signature="afterEachMethod(org.testng.ITestResult)[pri:0, instance:entrata_Test_Test_Scripts.Entrata_Test@4cc451f2]" started-at="2024-10-30T17:20:23 IST" name="afterEachMethod" finished-at="2024-10-30T17:20:23 IST" duration-ms="495" status="PASS">
          <params>
            <param index="0">
              <value>
                <![CDATA[[TestResult name=test_01_Get_Title status=SUCCESS method=Entrata_Test.test_01_Get_Title()[pri:0, instance:entrata_Test_Test_Scripts.Entrata_Test@4cc451f2] output={null}]]]>
              </value>
            </param>
          </params>
          <reporter-output>
          </reporter-output>
        </test-method> <!-- afterEachMethod -->
        <test-method is-config="true" signature="beforeEachMethod(java.lang.reflect.Method)[pri:0, instance:entrata_Test_Test_Scripts.Entrata_Test@4cc451f2]" started-at="2024-10-30T17:20:23 IST" name="beforeEachMethod" finished-at="2024-10-30T17:20:29 IST" duration-ms="5548" status="PASS">
          <params>
            <param index="0">
              <value>
                <![CDATA[public void entrata_Test_Test_Scripts.Entrata_Test.test_02_Schedule_Demo() throws java.io.IOException,java.lang.InterruptedException]]>
              </value>
            </param>
          </params>
          <reporter-output>
          </reporter-output>
        </test-method> <!-- beforeEachMethod -->
        <test-method signature="test_02_Schedule_Demo()[pri:2, instance:entrata_Test_Test_Scripts.Entrata_Test@4cc451f2]" started-at="2024-10-30T17:20:29 IST" name="test_02_Schedule_Demo" finished-at="2024-10-30T17:20:43 IST" duration-ms="14424" status="PASS">
          <reporter-output>
          </reporter-output>
        </test-method> <!-- test_02_Schedule_Demo -->
        <test-method is-config="true" signature="afterEachMethod(org.testng.ITestResult)[pri:0, instance:entrata_Test_Test_Scripts.Entrata_Test@4cc451f2]" started-at="2024-10-30T17:20:43 IST" name="afterEachMethod" finished-at="2024-10-30T17:20:44 IST" duration-ms="492" status="PASS">
          <params>
            <param index="0">
              <value>
                <![CDATA[[TestResult name=test_02_Schedule_Demo status=SUCCESS method=Entrata_Test.test_02_Schedule_Demo()[pri:2, instance:entrata_Test_Test_Scripts.Entrata_Test@4cc451f2] output={null}]]]>
              </value>
            </param>
          </params>
          <reporter-output>
          </reporter-output>
        </test-method> <!-- afterEachMethod -->
        <test-method is-config="true" signature="beforeEachMethod(java.lang.reflect.Method)[pri:0, instance:entrata_Test_Test_Scripts.Entrata_Test@4cc451f2]" started-at="2024-10-30T17:20:44 IST" name="beforeEachMethod" finished-at="2024-10-30T17:20:48 IST" duration-ms="4654" status="PASS">
          <params>
            <param index="0">
              <value>
                <![CDATA[public void entrata_Test_Test_Scripts.Entrata_Test.test_03_Broken_Link() throws java.io.IOException,java.lang.InterruptedException]]>
              </value>
            </param>
          </params>
          <reporter-output>
          </reporter-output>
        </test-method> <!-- beforeEachMethod -->
        <test-method signature="test_03_Broken_Link()[pri:3, instance:entrata_Test_Test_Scripts.Entrata_Test@4cc451f2]" started-at="2024-10-30T17:20:48 IST" name="test_03_Broken_Link" finished-at="2024-10-30T17:21:38 IST" duration-ms="49330" status="PASS">
          <reporter-output>
          </reporter-output>
        </test-method> <!-- test_03_Broken_Link -->
        <test-method is-config="true" signature="afterEachMethod(org.testng.ITestResult)[pri:0, instance:entrata_Test_Test_Scripts.Entrata_Test@4cc451f2]" started-at="2024-10-30T17:21:38 IST" name="afterEachMethod" finished-at="2024-10-30T17:21:38 IST" duration-ms="449" status="PASS">
          <params>
            <param index="0">
              <value>
                <![CDATA[[TestResult name=test_03_Broken_Link status=SUCCESS method=Entrata_Test.test_03_Broken_Link()[pri:3, instance:entrata_Test_Test_Scripts.Entrata_Test@4cc451f2] output={null}]]]>
              </value>
            </param>
          </params>
          <reporter-output>
          </reporter-output>
        </test-method> <!-- afterEachMethod -->
        <test-method is-config="true" signature="beforeEachMethod(java.lang.reflect.Method)[pri:0, instance:entrata_Test_Test_Scripts.Entrata_Test@4cc451f2]" started-at="2024-10-30T17:21:38 IST" name="beforeEachMethod" finished-at="2024-10-30T17:21:46 IST" duration-ms="7299" status="PASS">
          <params>
            <param index="0">
              <value>
                <![CDATA[public void entrata_Test_Test_Scripts.Entrata_Test.test_04_Careers_page() throws java.io.IOException,java.lang.InterruptedException]]>
              </value>
            </param>
          </params>
          <reporter-output>
          </reporter-output>
        </test-method> <!-- beforeEachMethod -->
        <test-method signature="test_04_Careers_page()[pri:4, instance:entrata_Test_Test_Scripts.Entrata_Test@4cc451f2]" started-at="2024-10-30T17:21:46 IST" name="test_04_Careers_page" finished-at="2024-10-30T17:22:05 IST" duration-ms="19904" status="PASS">
          <reporter-output>
          </reporter-output>
        </test-method> <!-- test_04_Careers_page -->
        <test-method is-config="true" signature="afterEachMethod(org.testng.ITestResult)[pri:0, instance:entrata_Test_Test_Scripts.Entrata_Test@4cc451f2]" started-at="2024-10-30T17:22:05 IST" name="afterEachMethod" finished-at="2024-10-30T17:22:06 IST" duration-ms="305" status="PASS">
          <params>
            <param index="0">
              <value>
                <![CDATA[[TestResult name=test_04_Careers_page status=SUCCESS method=Entrata_Test.test_04_Careers_page()[pri:4, instance:entrata_Test_Test_Scripts.Entrata_Test@4cc451f2] output={null}]]]>
              </value>
            </param>
          </params>
          <reporter-output>
          </reporter-output>
        </test-method> <!-- afterEachMethod -->
      </class> <!-- entrata_Test_Test_Scripts.Entrata_Test -->
    </test> <!-- Test -->
  </suite> <!-- Suite -->
</testng-results>
