<?xml version="1.0" encoding="UTF-8"?>
<testng-results ignored="3" total="4" passed="1" failed="0" skipped="0">
  <reporter-output>
  </reporter-output>
  <suite started-at="2024-10-30T17:17:29 IST" name="Default suite" finished-at="2024-10-30T17:17:51 IST" duration-ms="22786">
    <groups>
    </groups>
    <test started-at="2024-10-30T17:17:29 IST" name="Default test" finished-at="2024-10-30T17:17:51 IST" duration-ms="22786">
      <class name="entrata_Test_Test_Scripts.Entrata_Test">
        <test-method is-config="true" signature="beforeSuite()[pri:0, instance:entrata_Test_Test_Scripts.Entrata_Test@702657cc]" started-at="2024-10-30T17:17:28 IST" name="beforeSuite" finished-at="2024-10-30T17:17:29 IST" duration-ms="116" status="PASS">
          <reporter-output>
          </reporter-output>
        </test-method> <!-- beforeSuite -->
        <test-method is-config="true" signature="beforeEachMethod(java.lang.reflect.Method)[pri:0, instance:entrata_Test_Test_Scripts.Entrata_Test@702657cc]" started-at="2024-10-30T17:17:29 IST" name="beforeEachMethod" finished-at="2024-10-30T17:17:35 IST" duration-ms="6306" status="PASS">
          <params>
            <param index="0">
              <value>
                <![CDATA[public void entrata_Test_Test_Scripts.Entrata_Test.test_02_Schedule_Demo() throws java.io.IOException,java.lang.InterruptedException]]>
              </value>
            </param>
          </params>
          <reporter-output>
          </reporter-output>
        </test-method> <!-- beforeEachMethod -->
        <test-method signature="test_02_Schedule_Demo()[pri:2, instance:entrata_Test_Test_Scripts.Entrata_Test@702657cc]" started-at="2024-10-30T17:17:35 IST" name="test_02_Schedule_Demo" finished-at="2024-10-30T17:17:49 IST" duration-ms="14453" status="PASS">
          <reporter-output>
          </reporter-output>
        </test-method> <!-- test_02_Schedule_Demo -->
        <test-method is-config="true" signature="afterEachMethod(org.testng.ITestResult)[pri:0, instance:entrata_Test_Test_Scripts.Entrata_Test@702657cc]" started-at="2024-10-30T17:17:49 IST" name="afterEachMethod" finished-at="2024-10-30T17:17:51 IST" duration-ms="2005" status="PASS">
          <params>
            <param index="0">
              <value>
                <![CDATA[[TestResult name=test_02_Schedule_Demo status=SUCCESS method=Entrata_Test.test_02_Schedule_Demo()[pri:2, instance:entrata_Test_Test_Scripts.Entrata_Test@702657cc] output={null}]]]>
              </value>
            </param>
          </params>
          <reporter-output>
          </reporter-output>
        </test-method> <!-- afterEachMethod -->
      </class> <!-- entrata_Test_Test_Scripts.Entrata_Test -->
    </test> <!-- Default test -->
  </suite> <!-- Default suite -->
</testng-results>
